<?xml version="1.0" encoding="UTF-8"?>
<robot generator="Rebot 6.1.1 (Python 3.11.5 on win32)" generated="20231024 17:47:56.525" rpa="false" schemaversion="4">
<suite id="s1" name="Suites">
<suite id="s1-s1" name="TC1" source="C:\Users\ABHISHEK\PycharmProjects\RobotAutomation\ParallelTests\TC1.robot">
<test id="s1-s1-t1" name="FormUseCase" line="11">
<kw name="Open Browser" library="SeleniumLibrary">
<arg>${url}</arg>
<arg>${browser}</arg>
<doc>Opens a new browser instance to the optional ``url``.</doc>
<msg timestamp="20231024 17:46:26.546" level="INFO">Opening browser 'chrome' to base url 'https://testautomationpractice.blogspot.com/'.</msg>
<status status="PASS" starttime="20231024 17:46:26.545" endtime="20231024 17:46:36.426"/>
</kw>
<kw name="Maximize Browser Window" library="SeleniumLibrary">
<doc>Maximizes current browser window.</doc>
<status status="PASS" starttime="20231024 17:46:36.427" endtime="20231024 17:46:36.563"/>
</kw>
<kw name="Set Selenium Speed" library="SeleniumLibrary">
<arg>0.5</arg>
<doc>Sets the delay that is waited after each Selenium command.</doc>
<status status="PASS" starttime="20231024 17:46:36.565" endtime="20231024 17:46:36.566"/>
</kw>
<kw name="Input Text" library="SeleniumLibrary">
<arg>xpath://input[@id='name']</arg>
<arg>Abhishek</arg>
<doc>Types the given ``text`` into the text field identified by ``locator``.</doc>
<msg timestamp="20231024 17:46:36.569" level="INFO">Typing text 'Abhishek' into text field 'xpath://input[@id='name']'.</msg>
<status status="PASS" starttime="20231024 17:46:36.567" endtime="20231024 17:46:38.240"/>
</kw>
<kw name="Input Text" library="SeleniumLibrary">
<arg>id:phone</arg>
<arg>7204564845</arg>
<doc>Types the given ``text`` into the text field identified by ``locator``.</doc>
<msg timestamp="20231024 17:46:38.241" level="INFO">Typing text '7204564845' into text field 'id:phone'.</msg>
<status status="PASS" starttime="20231024 17:46:38.240" endtime="20231024 17:46:39.912"/>
</kw>
<kw name="Input Text" library="SeleniumLibrary">
<arg>id:textarea</arg>
<arg>Address</arg>
<doc>Types the given ``text`` into the text field identified by ``locator``.</doc>
<msg timestamp="20231024 17:46:39.913" level="INFO">Typing text 'Address' into text field 'id:textarea'.</msg>
<status status="PASS" starttime="20231024 17:46:39.912" endtime="20231024 17:46:41.519"/>
</kw>
<kw name="Scroll Element Into View" library="SeleniumLibrary">
<arg>//label[contains(text(),'Gender:')]</arg>
<doc>Scrolls the element identified by ``locator`` into view.</doc>
<status status="PASS" starttime="20231024 17:46:41.519" endtime="20231024 17:46:42.817"/>
</kw>
<kw name="Select Radio Button" library="SeleniumLibrary">
<arg>gender</arg>
<arg>male</arg>
<doc>Sets the radio button group ``group_name`` to ``value``.</doc>
<msg timestamp="20231024 17:46:42.818" level="INFO">Selecting 'male' from radio button 'gender'.</msg>
<status status="PASS" starttime="20231024 17:46:42.817" endtime="20231024 17:46:44.398"/>
</kw>
<kw name="Select Checkbox" library="SeleniumLibrary">
<arg>sunday</arg>
<doc>Selects the checkbox identified by ``locator``.</doc>
<msg timestamp="20231024 17:46:44.401" level="INFO">Selecting checkbox 'sunday'.</msg>
<status status="PASS" starttime="20231024 17:46:44.399" endtime="20231024 17:46:46.729"/>
</kw>
<kw name="Select Checkbox" library="SeleniumLibrary">
<arg>monday</arg>
<doc>Selects the checkbox identified by ``locator``.</doc>
<msg timestamp="20231024 17:46:46.731" level="INFO">Selecting checkbox 'monday'.</msg>
<status status="PASS" starttime="20231024 17:46:46.730" endtime="20231024 17:46:48.830"/>
</kw>
<kw name="Select Checkbox" library="SeleniumLibrary">
<arg>tuesday</arg>
<doc>Selects the checkbox identified by ``locator``.</doc>
<msg timestamp="20231024 17:46:48.831" level="INFO">Selecting checkbox 'tuesday'.</msg>
<status status="PASS" starttime="20231024 17:46:48.830" endtime="20231024 17:46:50.927"/>
</kw>
<kw name="Select Checkbox" library="SeleniumLibrary">
<arg>wednesday</arg>
<doc>Selects the checkbox identified by ``locator``.</doc>
<msg timestamp="20231024 17:46:50.928" level="INFO">Selecting checkbox 'wednesday'.</msg>
<status status="PASS" starttime="20231024 17:46:50.927" endtime="20231024 17:46:53.016"/>
</kw>
<kw name="Unselect Checkbox" library="SeleniumLibrary">
<arg>wednesday</arg>
<doc>Removes the selection of checkbox identified by ``locator``.</doc>
<msg timestamp="20231024 17:46:53.017" level="INFO">Unselecting checkbox 'wednesday'.</msg>
<status status="PASS" starttime="20231024 17:46:53.016" endtime="20231024 17:46:55.104"/>
</kw>
<kw name="Scroll Element Into View" library="SeleniumLibrary">
<arg>//label[contains(text(),'Country:')]</arg>
<doc>Scrolls the element identified by ``locator`` into view.</doc>
<status status="PASS" starttime="20231024 17:46:55.104" endtime="20231024 17:46:56.431"/>
</kw>
<kw name="Select From List By Label" library="SeleniumLibrary">
<arg>country</arg>
<arg>United States</arg>
<doc>Selects options from selection list ``locator`` by ``labels``.</doc>
<msg timestamp="20231024 17:46:56.432" level="INFO">Selecting options from selection list 'country' by label United States.</msg>
<status status="PASS" starttime="20231024 17:46:56.431" endtime="20231024 17:46:58.998"/>
</kw>
<kw name="Select From List By Index" library="SeleniumLibrary">
<arg>country</arg>
<arg>1</arg>
<doc>Selects options from selection list ``locator`` by ``indexes``.</doc>
<msg timestamp="20231024 17:46:58.999" level="INFO">Selecting options from selection list 'country' by index 1.</msg>
<status status="PASS" starttime="20231024 17:46:58.998" endtime="20231024 17:47:03.799"/>
</kw>
<kw name="Select From List By Value" library="SeleniumLibrary">
<arg>country</arg>
<arg>uk</arg>
<doc>Selects options from selection list ``locator`` by ``values``.</doc>
<msg timestamp="20231024 17:47:03.800" level="INFO">Selecting options from selection list 'country' by value uk.</msg>
<status status="PASS" starttime="20231024 17:47:03.799" endtime="20231024 17:47:07.384"/>
</kw>
<kw name="Select From List By Label" library="SeleniumLibrary">
<arg>colors</arg>
<arg>Red</arg>
<doc>Selects options from selection list ``locator`` by ``labels``.</doc>
<msg timestamp="20231024 17:47:07.386" level="INFO">Selecting options from selection list 'colors' by label Red.</msg>
<status status="PASS" starttime="20231024 17:47:07.385" endtime="20231024 17:47:11.003"/>
</kw>
<kw name="Select From List By Value" library="SeleniumLibrary">
<arg>colors</arg>
<arg>blue</arg>
<doc>Selects options from selection list ``locator`` by ``values``.</doc>
<msg timestamp="20231024 17:47:11.004" level="INFO">Selecting options from selection list 'colors' by value blue.</msg>
<status status="PASS" starttime="20231024 17:47:11.003" endtime="20231024 17:47:14.735"/>
</kw>
<kw name="Unselect All From List" library="SeleniumLibrary">
<arg>colors</arg>
<doc>Unselects all options from multi-selection list ``locator``.</doc>
<msg timestamp="20231024 17:47:14.736" level="INFO">Unselecting all options from list 'colors'.</msg>
<status status="PASS" starttime="20231024 17:47:14.735" endtime="20231024 17:47:20.595"/>
</kw>
<status status="PASS" starttime="20231024 17:46:26.543" endtime="20231024 17:47:20.596"/>
</test>
<status status="PASS" starttime="20231024 17:46:26.170" endtime="20231024 17:47:20.597"/>
</suite>
<suite id="s1-s2" name="TC2" source="C:\Users\ABHISHEK\PycharmProjects\RobotAutomation\ParallelTests\TC2.robot">
<test id="s1-s2-t1" name="TestcaseAlertBox" line="11">
<kw name="Open Browser" library="SeleniumLibrary">
<arg>${url}</arg>
<arg>${browser}</arg>
<doc>Opens a new browser instance to the optional ``url``.</doc>
<msg timestamp="20231024 17:46:26.541" level="INFO">Opening browser 'chrome' to base url 'https://testautomationpractice.blogspot.com/'.</msg>
<status status="PASS" starttime="20231024 17:46:26.540" endtime="20231024 17:46:37.257"/>
</kw>
<kw name="Maximize Browser Window" library="SeleniumLibrary">
<doc>Maximizes current browser window.</doc>
<status status="PASS" starttime="20231024 17:46:37.257" endtime="20231024 17:46:37.388"/>
</kw>
<kw name="Set Selenium Speed" library="SeleniumLibrary">
<arg>2</arg>
<doc>Sets the delay that is waited after each Selenium command.</doc>
<status status="PASS" starttime="20231024 17:46:37.389" endtime="20231024 17:46:37.390"/>
</kw>
<kw name="Click Element" library="SeleniumLibrary">
<arg>xpath://button[contains(text(),'Alert')]</arg>
<doc>Click the element identified by ``locator``.</doc>
<msg timestamp="20231024 17:46:37.392" level="INFO">Clicking element 'xpath://button[contains(text(),'Alert')]'.</msg>
<status status="PASS" starttime="20231024 17:46:37.390" endtime="20231024 17:46:41.474"/>
</kw>
<kw name="Sleep" library="BuiltIn">
<arg>1</arg>
<doc>Pauses the test executed for the given time.</doc>
<msg timestamp="20231024 17:46:42.475" level="INFO">Slept 1 second</msg>
<status status="PASS" starttime="20231024 17:46:41.474" endtime="20231024 17:46:42.475"/>
</kw>
<kw name="Handle Alert" library="SeleniumLibrary">
<arg>accept</arg>
<doc>Handles the current alert and returns its message.</doc>
<msg timestamp="20231024 17:46:42.476" level="INFO">HANDLE::&lt;class 'NoneType'&gt;::None</msg>
<status status="PASS" starttime="20231024 17:46:42.475" endtime="20231024 17:46:48.487"/>
</kw>
<kw name="Click Element" library="SeleniumLibrary">
<arg>xpath://button[contains(text(),'Confirm Box')]</arg>
<doc>Click the element identified by ``locator``.</doc>
<msg timestamp="20231024 17:46:48.488" level="INFO">Clicking element 'xpath://button[contains(text(),'Confirm Box')]'.</msg>
<status status="PASS" starttime="20231024 17:46:48.487" endtime="20231024 17:46:52.553"/>
</kw>
<kw name="Handle Alert" library="SeleniumLibrary">
<arg>accept</arg>
<doc>Handles the current alert and returns its message.</doc>
<msg timestamp="20231024 17:46:52.553" level="INFO">HANDLE::&lt;class 'NoneType'&gt;::None</msg>
<status status="PASS" starttime="20231024 17:46:52.553" endtime="20231024 17:46:58.571"/>
</kw>
<kw name="Click Element" library="SeleniumLibrary">
<arg>xpath://button[contains(text(),'Confirm Box')]</arg>
<doc>Click the element identified by ``locator``.</doc>
<msg timestamp="20231024 17:46:58.572" level="INFO">Clicking element 'xpath://button[contains(text(),'Confirm Box')]'.</msg>
<status status="PASS" starttime="20231024 17:46:58.571" endtime="20231024 17:47:02.630"/>
</kw>
<kw name="Handle Alert" library="SeleniumLibrary">
<arg>dismiss</arg>
<doc>Handles the current alert and returns its message.</doc>
<msg timestamp="20231024 17:47:02.630" level="INFO">HANDLE::&lt;class 'NoneType'&gt;::None</msg>
<status status="PASS" starttime="20231024 17:47:02.630" endtime="20231024 17:47:08.655"/>
</kw>
<kw name="Click Element" library="SeleniumLibrary">
<arg>xpath://button[contains(text(),'Prompt')]</arg>
<doc>Click the element identified by ``locator``.</doc>
<msg timestamp="20231024 17:47:08.658" level="INFO">Clicking element 'xpath://button[contains(text(),'Prompt')]'.</msg>
<status status="PASS" starttime="20231024 17:47:08.656" endtime="20231024 17:47:12.732"/>
</kw>
<kw name="Input Text Into Alert" library="SeleniumLibrary">
<arg>Abhishek</arg>
<doc>Types the given ``text`` into an input field in an alert.</doc>
<status status="PASS" starttime="20231024 17:47:12.732" endtime="20231024 17:47:20.741"/>
</kw>
<kw name="Handle Alert" library="SeleniumLibrary">
<arg>accept</arg>
<doc>Handles the current alert and returns its message.</doc>
<msg timestamp="20231024 17:47:20.742" level="INFO">HANDLE::&lt;class 'NoneType'&gt;::None</msg>
<msg timestamp="20231024 17:47:28.208" level="INFO" html="true">&lt;/td&gt;&lt;/tr&gt;&lt;tr&gt;&lt;td colspan="3"&gt;&lt;a href="1-selenium-screenshot-1.png"&gt;&lt;img src="1-selenium-screenshot-1.png" width="800px"&gt;&lt;/a&gt;</msg>
<msg timestamp="20231024 17:47:28.208" level="FAIL">Alert not found in 5 seconds.</msg>
<status status="FAIL" starttime="20231024 17:47:20.741" endtime="20231024 17:47:28.257"/>
</kw>
<kw name="Click Element" library="SeleniumLibrary">
<arg>xpath://button[contains(text(),'Prompt')]</arg>
<doc>Click the element identified by ``locator``.</doc>
<status status="NOT RUN" starttime="20231024 17:47:28.257" endtime="20231024 17:47:28.257"/>
</kw>
<kw name="Input Text Into Alert" library="SeleniumLibrary">
<arg>Abhishek</arg>
<doc>Types the given ``text`` into an input field in an alert.</doc>
<status status="NOT RUN" starttime="20231024 17:47:28.258" endtime="20231024 17:47:28.258"/>
</kw>
<kw name="Handle Alert" library="SeleniumLibrary">
<arg>dismiss</arg>
<doc>Handles the current alert and returns its message.</doc>
<status status="NOT RUN" starttime="20231024 17:47:28.258" endtime="20231024 17:47:28.258"/>
</kw>
<status status="FAIL" starttime="20231024 17:46:26.539" endtime="20231024 17:47:28.258">Alert not found in 5 seconds.</status>
</test>
<status status="FAIL" starttime="20231024 17:46:26.167" endtime="20231024 17:47:28.259"/>
</suite>
<suite id="s1-s3" name="TC3" source="C:\Users\ABHISHEK\PycharmProjects\RobotAutomation\ParallelTests\TC3.robot">
<test id="s1-s3-t1" name="TestcaseFrame" line="11">
<kw name="Open Browser" library="SeleniumLibrary">
<arg>${url}</arg>
<arg>${browser}</arg>
<doc>Opens a new browser instance to the optional ``url``.</doc>
<msg timestamp="20231024 17:47:23.863" level="INFO">Opening browser 'chrome' to base url 'https://testautomationpractice.blogspot.com/'.</msg>
<status status="PASS" starttime="20231024 17:47:23.862" endtime="20231024 17:47:26.741"/>
</kw>
<kw name="Maximize Browser Window" library="SeleniumLibrary">
<doc>Maximizes current browser window.</doc>
<status status="PASS" starttime="20231024 17:47:26.742" endtime="20231024 17:47:32.260"/>
</kw>
<kw name="Set Selenium Speed" library="SeleniumLibrary">
<arg>2</arg>
<doc>Sets the delay that is waited after each Selenium command.</doc>
<status status="PASS" starttime="20231024 17:47:32.260" endtime="20231024 17:47:32.261"/>
</kw>
<kw name="Scroll Element Into View" library="SeleniumLibrary">
<arg>//h2[contains(text(),'Frames')]</arg>
<doc>Scrolls the element identified by ``locator`` into view.</doc>
<status status="PASS" starttime="20231024 17:47:32.261" endtime="20231024 17:47:36.588"/>
</kw>
<kw name="Select Frame" library="SeleniumLibrary">
<arg>frame-one796456169</arg>
<doc>Sets frame identified by ``locator`` as the current frame.</doc>
<msg timestamp="20231024 17:47:36.588" level="INFO">Selecting frame 'frame-one796456169'.</msg>
<status status="PASS" starttime="20231024 17:47:36.588" endtime="20231024 17:47:40.641"/>
</kw>
<kw name="Input Text" library="SeleniumLibrary">
<arg>id:RESULT_TextField-0</arg>
<arg>Abhishek</arg>
<doc>Types the given ``text`` into the text field identified by ``locator``.</doc>
<msg timestamp="20231024 17:47:40.642" level="INFO">Typing text 'Abhishek' into text field 'id:RESULT_TextField-0'.</msg>
<status status="PASS" starttime="20231024 17:47:40.641" endtime="20231024 17:47:46.777"/>
</kw>
<kw name="Select Radio Button" library="SeleniumLibrary">
<arg>RESULT_RadioButton-1</arg>
<arg>Radio-0</arg>
<doc>Sets the radio button group ``group_name`` to ``value``.</doc>
<msg timestamp="20231024 17:47:46.777" level="INFO">Selecting 'Radio-0' from radio button 'RESULT_RadioButton-1'.</msg>
<msg timestamp="20231024 17:47:54.010" level="INFO" html="true">&lt;/td&gt;&lt;/tr&gt;&lt;tr&gt;&lt;td colspan="3"&gt;&lt;a href="2-selenium-screenshot-1.png"&gt;&lt;img src="2-selenium-screenshot-1.png" width="800px"&gt;&lt;/a&gt;</msg>
<msg timestamp="20231024 17:47:54.011" level="FAIL">ElementClickInterceptedException: Message: element click intercepted: Element &lt;input type="radio" name="RESULT_RadioButton-1" class="multiple_choice" id="RESULT_RadioButton-1_0" value="Radio-0"&gt; is not clickable at point (23, 152). Other element would receive the click: &lt;label for="RESULT_RadioButton-1_0"&gt;...&lt;/label&gt;
  (Session info: chrome=118.0.5993.89)
Stacktrace:
	GetHandleVerifier [0x00007FF7B18F8EF2+54786]
	(No symbol) [0x00007FF7B1865612]
	(No symbol) [0x00007FF7B171A64B]
	(No symbol) [0x00007FF7B1761A6B]
	(No symbol) [0x00007FF7B175FE39]
	(No symbol) [0x00007FF7B175DC08]
	(No symbol) [0x00007FF7B175CCC3]
	(No symbol) [0x00007FF7B17529CF]
	(No symbol) [0x00007FF7B177BE6A]
	(No symbol) [0x00007FF7B17522E6]
	(No symbol) [0x00007FF7B177C080]
	(No symbol) [0x00007FF7B1794D02]
	(No symbol) [0x00007FF7B177BC43]
	(No symbol) [0x00007FF7B1750941]
	(No symbol) [0x00007FF7B1751B84]
	GetHandleVerifier [0x00007FF7B1C47F52+3524194]
	GetHandleVerifier [0x00007FF7B1C9D800+3874576]
	GetHandleVerifier [0x00007FF7B1C95D7F+3843215]
	GetHandleVerifier [0x00007FF7B1995086+694166]
	(No symbol) [0x00007FF7B1870A88]
	(No symbol) [0x00007FF7B186CA94]
	(No symbol) [0x00007FF7B186CBC2]
	(No symbol) [0x00007FF7B185CC83]
	BaseThreadInitThunk [0x00007FFC6E25257D+29]
	RtlUserThreadStart [0x00007FFC6E64AA78+40]
</msg>
<status status="FAIL" starttime="20231024 17:47:46.777" endtime="20231024 17:47:54.074"/>
</kw>
<status status="FAIL" starttime="20231024 17:47:23.861" endtime="20231024 17:47:54.075">ElementClickInterceptedException: Message: element click intercepted: Element &lt;input type="radio" name="RESULT_RadioButton-1" class="multiple_choice" id="RESULT_RadioButton-1_0" value="Radio-0"&gt; is not clickable at point (23, 152). Other element would receive the click: &lt;label for="RESULT_RadioButton-1_0"&gt;...&lt;/label&gt;
  (Session info: chrome=118.0.5993.89)
Stacktrace:
	GetHandleVerifier [0x00007FF7B18F8EF2+54786]
	(No symbol) [0x00007FF7B1865612]
	(No symbol) [0x00007FF7B171A64B]
	(No symbol) [0x00007FF7B1761A6B]
	(No symbol) [0x00007FF7B175FE39]
	(No symbol) [0x00007FF7B175DC08]
	(No symbol) [0x00007FF7B175CCC3]
	(No symbol) [0x00007FF7B17529CF]
	(No symbol) [0x00007FF7B177BE6A]
	(No symbol) [0x00007FF7B17522E6]
	(No symbol) [0x00007FF7B177C080]
	(No symbol) [0x00007FF7B1794D02]
	(No symbol) [0x00007FF7B177BC43]
	(No symbol) [0x00007FF7B1750941]
	(No symbol) [0x00007FF7B1751B84]
	GetHandleVerifier [0x00007FF7B1C47F52+3524194]
	GetHandleVerifier [0x00007FF7B1C9D800+3874576]
	GetHandleVerifier [0x00007FF7B1C95D7F+3843215]
	GetHandleVerifier [0x00007FF7B1995086+694166]
	(No symbol) [0x00007FF7B1870A88]
	(No symbol) [0x00007FF7B186CA94]
	(No symbol) [0x00007FF7B186CBC2]
	(No symbol) [0x00007FF7B185CC83]
	BaseThreadInitThunk [0x00007FFC6E25257D+29]
	RtlUserThreadStart [0x00007FFC6E64AA78+40]
</status>
</test>
<status status="FAIL" starttime="20231024 17:47:23.591" endtime="20231024 17:47:54.076"/>
</suite>
<doc>[https://pabot.org/?ref=log|Pabot] result from 3 executions.</doc>
<status status="FAIL" starttime="20231024 17:46:26.139" endtime="20231024 17:47:54.077"/>
</suite>
<statistics>
<total>
<stat pass="1" fail="2" skip="0">All Tests</stat>
</total>
<tag>
</tag>
<suite>
<stat pass="1" fail="2" skip="0" id="s1" name="Suites">Suites</stat>
<stat pass="1" fail="0" skip="0" id="s1-s1" name="TC1">Suites.TC1</stat>
<stat pass="0" fail="1" skip="0" id="s1-s2" name="TC2">Suites.TC2</stat>
<stat pass="0" fail="1" skip="0" id="s1-s3" name="TC3">Suites.TC3</stat>
</suite>
</statistics>
<errors>
</errors>
</robot>
