<?xml version="1.0" encoding="UTF-8"?>
<robot generator="Robot 6.1.1 (Python 3.11.5 on win32)" generated="20231107 15:19:03.296" rpa="false" schemaversion="4">
<suite id="s1" name="BDD" source="C:\Users\ABHISHEK\PycharmProjects\RobotAutomation\TestCase\BDD.robot">
<kw name="User is on login page" library="BDD_resource" type="SETUP">
<kw name="Open Browser" library="SeleniumLibrary">
<arg>${url}</arg>
<arg>${browser}</arg>
<doc>Opens a new browser instance to the optional ``url``.</doc>
<msg timestamp="20231107 15:19:03.717" level="INFO">Opening browser 'chrome' to base url 'https://admin-demo.nopcommerce.com/'.</msg>
<status status="PASS" starttime="20231107 15:19:03.716" endtime="20231107 15:19:20.351"/>
</kw>
<kw name="Maximize Browser Window" library="SeleniumLibrary">
<doc>Maximizes current browser window.</doc>
<status status="PASS" starttime="20231107 15:19:20.351" endtime="20231107 15:19:20.478"/>
</kw>
<status status="PASS" starttime="20231107 15:19:03.716" endtime="20231107 15:19:20.478"/>
</kw>
<test id="s1-t1" name="Invalid Login TC1" line="12">
<kw name="Given Logs in with" library="BDD_resource">
<arg>admin@yourstore.com</arg>
<arg>adm</arg>
<kw name="Clear Element Text" library="SeleniumLibrary">
<arg>id:Email</arg>
<doc>Clears the value of the text-input-element identified by ``locator``.</doc>
<status status="PASS" starttime="20231107 15:19:20.480" endtime="20231107 15:19:20.577"/>
</kw>
<kw name="Input Text" library="SeleniumLibrary">
<arg>id:Email</arg>
<arg>${username}</arg>
<doc>Types the given ``text`` into the text field identified by ``locator``.</doc>
<msg timestamp="20231107 15:19:20.578" level="INFO">Typing text 'admin@yourstore.com' into text field 'id:Email'.</msg>
<status status="PASS" starttime="20231107 15:19:20.578" endtime="20231107 15:19:20.721"/>
</kw>
<kw name="Clear Element Text" library="SeleniumLibrary">
<arg>id:Password</arg>
<doc>Clears the value of the text-input-element identified by ``locator``.</doc>
<status status="PASS" starttime="20231107 15:19:20.721" endtime="20231107 15:19:20.770"/>
</kw>
<kw name="Input Text" library="SeleniumLibrary">
<arg>id:Password</arg>
<arg>${password}</arg>
<doc>Types the given ``text`` into the text field identified by ``locator``.</doc>
<msg timestamp="20231107 15:19:20.771" level="INFO">Typing text 'adm' into text field 'id:Password'.</msg>
<status status="PASS" starttime="20231107 15:19:20.770" endtime="20231107 15:19:20.856"/>
</kw>
<kw name="Click Element" library="SeleniumLibrary">
<arg>xpath://button[contains(text(),'Log in')]</arg>
<doc>Click the element identified by ``locator``.</doc>
<msg timestamp="20231107 15:19:20.857" level="INFO">Clicking element 'xpath://button[contains(text(),'Log in')]'.</msg>
<status status="PASS" starttime="20231107 15:19:20.856" endtime="20231107 15:19:22.449"/>
</kw>
<status status="PASS" starttime="20231107 15:19:20.479" endtime="20231107 15:19:22.450"/>
</kw>
<kw name="Then Error message should be displayed" library="BDD_resource">
<kw name="Page Should Contain" library="SeleniumLibrary">
<arg>Login was unsuccessful.</arg>
<doc>Verifies that current page contains ``text``.</doc>
<msg timestamp="20231107 15:19:22.468" level="INFO">Current page contains text 'Login was unsuccessful.'.</msg>
<status status="PASS" starttime="20231107 15:19:22.451" endtime="20231107 15:19:22.468"/>
</kw>
<status status="PASS" starttime="20231107 15:19:22.451" endtime="20231107 15:19:22.468"/>
</kw>
<status status="PASS" starttime="20231107 15:19:20.478" endtime="20231107 15:19:22.469"/>
</test>
<test id="s1-t2" name="Invalid Login TC2" line="16">
<kw name="Given Logs in with" library="BDD_resource">
<arg>admi@yourstore.com</arg>
<arg>admin</arg>
<kw name="Clear Element Text" library="SeleniumLibrary">
<arg>id:Email</arg>
<doc>Clears the value of the text-input-element identified by ``locator``.</doc>
<status status="PASS" starttime="20231107 15:19:22.471" endtime="20231107 15:19:22.521"/>
</kw>
<kw name="Input Text" library="SeleniumLibrary">
<arg>id:Email</arg>
<arg>${username}</arg>
<doc>Types the given ``text`` into the text field identified by ``locator``.</doc>
<msg timestamp="20231107 15:19:22.522" level="INFO">Typing text 'admi@yourstore.com' into text field 'id:Email'.</msg>
<status status="PASS" starttime="20231107 15:19:22.521" endtime="20231107 15:19:22.643"/>
</kw>
<kw name="Clear Element Text" library="SeleniumLibrary">
<arg>id:Password</arg>
<doc>Clears the value of the text-input-element identified by ``locator``.</doc>
<status status="PASS" starttime="20231107 15:19:22.643" endtime="20231107 15:19:22.684"/>
</kw>
<kw name="Input Text" library="SeleniumLibrary">
<arg>id:Password</arg>
<arg>${password}</arg>
<doc>Types the given ``text`` into the text field identified by ``locator``.</doc>
<msg timestamp="20231107 15:19:22.684" level="INFO">Typing text 'admin' into text field 'id:Password'.</msg>
<status status="PASS" starttime="20231107 15:19:22.684" endtime="20231107 15:19:22.776"/>
</kw>
<kw name="Click Element" library="SeleniumLibrary">
<arg>xpath://button[contains(text(),'Log in')]</arg>
<doc>Click the element identified by ``locator``.</doc>
<msg timestamp="20231107 15:19:22.778" level="INFO">Clicking element 'xpath://button[contains(text(),'Log in')]'.</msg>
<status status="PASS" starttime="20231107 15:19:22.777" endtime="20231107 15:19:23.396"/>
</kw>
<status status="PASS" starttime="20231107 15:19:22.470" endtime="20231107 15:19:23.397"/>
</kw>
<kw name="Then Error message should be displayed" library="BDD_resource">
<kw name="Page Should Contain" library="SeleniumLibrary">
<arg>Login was unsuccessful.</arg>
<doc>Verifies that current page contains ``text``.</doc>
<msg timestamp="20231107 15:19:23.411" level="INFO">Current page contains text 'Login was unsuccessful.'.</msg>
<status status="PASS" starttime="20231107 15:19:23.398" endtime="20231107 15:19:23.411"/>
</kw>
<status status="PASS" starttime="20231107 15:19:23.397" endtime="20231107 15:19:23.411"/>
</kw>
<status status="PASS" starttime="20231107 15:19:22.470" endtime="20231107 15:19:23.412"/>
</test>
<test id="s1-t3" name="Invalid Login TC3" line="20">
<kw name="Given Logs in with" library="BDD_resource">
<arg>admi@yourstore.com</arg>
<arg>adm</arg>
<kw name="Clear Element Text" library="SeleniumLibrary">
<arg>id:Email</arg>
<doc>Clears the value of the text-input-element identified by ``locator``.</doc>
<status status="PASS" starttime="20231107 15:19:23.414" endtime="20231107 15:19:23.456"/>
</kw>
<kw name="Input Text" library="SeleniumLibrary">
<arg>id:Email</arg>
<arg>${username}</arg>
<doc>Types the given ``text`` into the text field identified by ``locator``.</doc>
<msg timestamp="20231107 15:19:23.458" level="INFO">Typing text 'admi@yourstore.com' into text field 'id:Email'.</msg>
<status status="PASS" starttime="20231107 15:19:23.456" endtime="20231107 15:19:23.582"/>
</kw>
<kw name="Clear Element Text" library="SeleniumLibrary">
<arg>id:Password</arg>
<doc>Clears the value of the text-input-element identified by ``locator``.</doc>
<status status="PASS" starttime="20231107 15:19:23.582" endtime="20231107 15:19:23.622"/>
</kw>
<kw name="Input Text" library="SeleniumLibrary">
<arg>id:Password</arg>
<arg>${password}</arg>
<doc>Types the given ``text`` into the text field identified by ``locator``.</doc>
<msg timestamp="20231107 15:19:23.624" level="INFO">Typing text 'adm' into text field 'id:Password'.</msg>
<status status="PASS" starttime="20231107 15:19:23.622" endtime="20231107 15:19:23.706"/>
</kw>
<kw name="Click Element" library="SeleniumLibrary">
<arg>xpath://button[contains(text(),'Log in')]</arg>
<doc>Click the element identified by ``locator``.</doc>
<msg timestamp="20231107 15:19:23.707" level="INFO">Clicking element 'xpath://button[contains(text(),'Log in')]'.</msg>
<status status="PASS" starttime="20231107 15:19:23.706" endtime="20231107 15:19:24.331"/>
</kw>
<status status="PASS" starttime="20231107 15:19:23.413" endtime="20231107 15:19:24.331"/>
</kw>
<kw name="Then Error message should be displayed" library="BDD_resource">
<kw name="Page Should Contain" library="SeleniumLibrary">
<arg>Login was unsuccessful.</arg>
<doc>Verifies that current page contains ``text``.</doc>
<msg timestamp="20231107 15:19:24.346" level="INFO">Current page contains text 'Login was unsuccessful.'.</msg>
<status status="PASS" starttime="20231107 15:19:24.332" endtime="20231107 15:19:24.346"/>
</kw>
<status status="PASS" starttime="20231107 15:19:24.332" endtime="20231107 15:19:24.346"/>
</kw>
<status status="PASS" starttime="20231107 15:19:23.413" endtime="20231107 15:19:24.346"/>
</test>
<test id="s1-t4" name="Invalid Login TC4" line="24">
<kw name="Given Logs in with" library="BDD_resource">
<arg>${EMPTY}</arg>
<arg>admin</arg>
<kw name="Clear Element Text" library="SeleniumLibrary">
<arg>id:Email</arg>
<doc>Clears the value of the text-input-element identified by ``locator``.</doc>
<status status="PASS" starttime="20231107 15:19:24.349" endtime="20231107 15:19:24.388"/>
</kw>
<kw name="Input Text" library="SeleniumLibrary">
<arg>id:Email</arg>
<arg>${username}</arg>
<doc>Types the given ``text`` into the text field identified by ``locator``.</doc>
<msg timestamp="20231107 15:19:24.388" level="INFO">Typing text '' into text field 'id:Email'.</msg>
<status status="PASS" starttime="20231107 15:19:24.388" endtime="20231107 15:19:24.463"/>
</kw>
<kw name="Clear Element Text" library="SeleniumLibrary">
<arg>id:Password</arg>
<doc>Clears the value of the text-input-element identified by ``locator``.</doc>
<status status="PASS" starttime="20231107 15:19:24.463" endtime="20231107 15:19:24.501"/>
</kw>
<kw name="Input Text" library="SeleniumLibrary">
<arg>id:Password</arg>
<arg>${password}</arg>
<doc>Types the given ``text`` into the text field identified by ``locator``.</doc>
<msg timestamp="20231107 15:19:24.501" level="INFO">Typing text 'admin' into text field 'id:Password'.</msg>
<status status="PASS" starttime="20231107 15:19:24.501" endtime="20231107 15:19:24.593"/>
</kw>
<kw name="Click Element" library="SeleniumLibrary">
<arg>xpath://button[contains(text(),'Log in')]</arg>
<doc>Click the element identified by ``locator``.</doc>
<msg timestamp="20231107 15:19:24.593" level="INFO">Clicking element 'xpath://button[contains(text(),'Log in')]'.</msg>
<status status="PASS" starttime="20231107 15:19:24.593" endtime="20231107 15:19:24.644"/>
</kw>
<status status="PASS" starttime="20231107 15:19:24.348" endtime="20231107 15:19:24.644"/>
</kw>
<kw name="Then Please enter your email should be displayed" library="BDD_resource">
<kw name="Page Should Contain" library="SeleniumLibrary">
<arg>Please enter your email</arg>
<doc>Verifies that current page contains ``text``.</doc>
<msg timestamp="20231107 15:19:24.662" level="INFO">Current page contains text 'Please enter your email'.</msg>
<status status="PASS" starttime="20231107 15:19:24.645" endtime="20231107 15:19:24.662"/>
</kw>
<status status="PASS" starttime="20231107 15:19:24.644" endtime="20231107 15:19:24.662"/>
</kw>
<status status="PASS" starttime="20231107 15:19:24.347" endtime="20231107 15:19:24.662"/>
</test>
<test id="s1-t5" name="Invalid Login TC5" line="28">
<kw name="Given Logs in with" library="BDD_resource">
<arg>admin@yourstore.com</arg>
<arg>${EMPTY}</arg>
<kw name="Clear Element Text" library="SeleniumLibrary">
<arg>id:Email</arg>
<doc>Clears the value of the text-input-element identified by ``locator``.</doc>
<status status="PASS" starttime="20231107 15:19:24.664" endtime="20231107 15:19:24.697"/>
</kw>
<kw name="Input Text" library="SeleniumLibrary">
<arg>id:Email</arg>
<arg>${username}</arg>
<doc>Types the given ``text`` into the text field identified by ``locator``.</doc>
<msg timestamp="20231107 15:19:24.698" level="INFO">Typing text 'admin@yourstore.com' into text field 'id:Email'.</msg>
<status status="PASS" starttime="20231107 15:19:24.697" endtime="20231107 15:19:24.830"/>
</kw>
<kw name="Clear Element Text" library="SeleniumLibrary">
<arg>id:Password</arg>
<doc>Clears the value of the text-input-element identified by ``locator``.</doc>
<status status="PASS" starttime="20231107 15:19:24.830" endtime="20231107 15:19:24.870"/>
</kw>
<kw name="Input Text" library="SeleniumLibrary">
<arg>id:Password</arg>
<arg>${password}</arg>
<doc>Types the given ``text`` into the text field identified by ``locator``.</doc>
<msg timestamp="20231107 15:19:24.871" level="INFO">Typing text '' into text field 'id:Password'.</msg>
<status status="PASS" starttime="20231107 15:19:24.870" endtime="20231107 15:19:24.951"/>
</kw>
<kw name="Click Element" library="SeleniumLibrary">
<arg>xpath://button[contains(text(),'Log in')]</arg>
<doc>Click the element identified by ``locator``.</doc>
<msg timestamp="20231107 15:19:24.951" level="INFO">Clicking element 'xpath://button[contains(text(),'Log in')]'.</msg>
<status status="PASS" starttime="20231107 15:19:24.951" endtime="20231107 15:19:25.509"/>
</kw>
<status status="PASS" starttime="20231107 15:19:24.664" endtime="20231107 15:19:25.509"/>
</kw>
<kw name="Then Error message should be displayed" library="BDD_resource">
<kw name="Page Should Contain" library="SeleniumLibrary">
<arg>Login was unsuccessful.</arg>
<doc>Verifies that current page contains ``text``.</doc>
<msg timestamp="20231107 15:19:25.585" level="INFO">Current page contains text 'Login was unsuccessful.'.</msg>
<status status="PASS" starttime="20231107 15:19:25.511" endtime="20231107 15:19:25.585"/>
</kw>
<status status="PASS" starttime="20231107 15:19:25.510" endtime="20231107 15:19:25.585"/>
</kw>
<status status="PASS" starttime="20231107 15:19:24.663" endtime="20231107 15:19:25.585"/>
</test>
<test id="s1-t6" name="Invalid Login TC6" line="32">
<kw name="Given Logs in with" library="BDD_resource">
<arg>${EMPTY}</arg>
<arg>${EMPTY}</arg>
<kw name="Clear Element Text" library="SeleniumLibrary">
<arg>id:Email</arg>
<doc>Clears the value of the text-input-element identified by ``locator``.</doc>
<status status="PASS" starttime="20231107 15:19:25.589" endtime="20231107 15:19:25.633"/>
</kw>
<kw name="Input Text" library="SeleniumLibrary">
<arg>id:Email</arg>
<arg>${username}</arg>
<doc>Types the given ``text`` into the text field identified by ``locator``.</doc>
<msg timestamp="20231107 15:19:25.633" level="INFO">Typing text '' into text field 'id:Email'.</msg>
<status status="PASS" starttime="20231107 15:19:25.633" endtime="20231107 15:19:25.705"/>
</kw>
<kw name="Clear Element Text" library="SeleniumLibrary">
<arg>id:Password</arg>
<doc>Clears the value of the text-input-element identified by ``locator``.</doc>
<status status="PASS" starttime="20231107 15:19:25.705" endtime="20231107 15:19:25.745"/>
</kw>
<kw name="Input Text" library="SeleniumLibrary">
<arg>id:Password</arg>
<arg>${password}</arg>
<doc>Types the given ``text`` into the text field identified by ``locator``.</doc>
<msg timestamp="20231107 15:19:25.746" level="INFO">Typing text '' into text field 'id:Password'.</msg>
<status status="PASS" starttime="20231107 15:19:25.746" endtime="20231107 15:19:25.825"/>
</kw>
<kw name="Click Element" library="SeleniumLibrary">
<arg>xpath://button[contains(text(),'Log in')]</arg>
<doc>Click the element identified by ``locator``.</doc>
<msg timestamp="20231107 15:19:25.826" level="INFO">Clicking element 'xpath://button[contains(text(),'Log in')]'.</msg>
<status status="PASS" starttime="20231107 15:19:25.825" endtime="20231107 15:19:25.877"/>
</kw>
<status status="PASS" starttime="20231107 15:19:25.587" endtime="20231107 15:19:25.877"/>
</kw>
<kw name="Then Please enter your email should be displayed" library="BDD_resource">
<kw name="Page Should Contain" library="SeleniumLibrary">
<arg>Please enter your email</arg>
<doc>Verifies that current page contains ``text``.</doc>
<msg timestamp="20231107 15:19:25.890" level="INFO">Current page contains text 'Please enter your email'.</msg>
<status status="PASS" starttime="20231107 15:19:25.877" endtime="20231107 15:19:25.890"/>
</kw>
<status status="PASS" starttime="20231107 15:19:25.877" endtime="20231107 15:19:25.890"/>
</kw>
<status status="PASS" starttime="20231107 15:19:25.586" endtime="20231107 15:19:25.891"/>
</test>
<kw name="Close All Browsers" library="SeleniumLibrary" type="TEARDOWN">
<doc>Closes all open browsers and resets the browser cache.</doc>
<status status="PASS" starttime="20231107 15:19:25.892" endtime="20231107 15:19:32.152"/>
</kw>
<status status="PASS" starttime="20231107 15:19:03.298" endtime="20231107 15:19:32.152"/>
</suite>
<statistics>
<total>
<stat pass="6" fail="0" skip="0">All Tests</stat>
</total>
<tag>
</tag>
<suite>
<stat pass="6" fail="0" skip="0" id="s1" name="BDD">BDD</stat>
</suite>
</statistics>
<errors>
</errors>
</robot>
