<?xml version="1.0" encoding="UTF-8"?>
<robot generator="Robot 6.1.1 (Python 3.11.5 on win32)" generated="20231024 18:09:47.948" rpa="false" schemaversion="4">
<suite id="s1" name="Suites">
<suite id="s1-s1" name="TC2" source="C:\Users\ABHISHEK\PycharmProjects\RobotAutomation\ParallelTests\TC2.robot">
<test id="s1-s1-t1" name="TestcaseAlertBox" line="11">
<kw name="Open Browser" library="SeleniumLibrary">
<arg>${url}</arg>
<arg>${browser}</arg>
<doc>Opens a new browser instance to the optional ``url``.</doc>
<msg timestamp="20231024 18:09:48.268" level="INFO">Opening browser 'chrome' to base url 'https://testautomationpractice.blogspot.com/'.</msg>
<status status="PASS" starttime="20231024 18:09:48.267" endtime="20231024 18:09:57.965"/>
</kw>
<kw name="Maximize Browser Window" library="SeleniumLibrary">
<doc>Maximizes current browser window.</doc>
<status status="PASS" starttime="20231024 18:09:57.965" endtime="20231024 18:09:58.090"/>
</kw>
<kw name="Set Selenium Speed" library="SeleniumLibrary">
<arg>2</arg>
<doc>Sets the delay that is waited after each Selenium command.</doc>
<status status="PASS" starttime="20231024 18:09:58.091" endtime="20231024 18:09:58.091"/>
</kw>
<kw name="Click Element" library="SeleniumLibrary">
<arg>xpath://button[contains(text(),'Alert')]</arg>
<doc>Click the element identified by ``locator``.</doc>
<msg timestamp="20231024 18:09:58.092" level="INFO">Clicking element 'xpath://button[contains(text(),'Alert')]'.</msg>
<status status="PASS" starttime="20231024 18:09:58.091" endtime="20231024 18:10:02.172"/>
</kw>
<kw name="Sleep" library="BuiltIn">
<arg>1</arg>
<doc>Pauses the test executed for the given time.</doc>
<msg timestamp="20231024 18:10:03.172" level="INFO">Slept 1 second</msg>
<status status="PASS" starttime="20231024 18:10:02.172" endtime="20231024 18:10:03.172"/>
</kw>
<kw name="Handle Alert" library="SeleniumLibrary">
<arg>accept</arg>
<doc>Handles the current alert and returns its message.</doc>
<msg timestamp="20231024 18:10:03.173" level="INFO">HANDLE::&lt;class 'NoneType'&gt;::None</msg>
<status status="PASS" starttime="20231024 18:10:03.173" endtime="20231024 18:10:09.204"/>
</kw>
<kw name="Click Element" library="SeleniumLibrary">
<arg>xpath://button[contains(text(),'Confirm Box')]</arg>
<doc>Click the element identified by ``locator``.</doc>
<msg timestamp="20231024 18:10:09.206" level="INFO">Clicking element 'xpath://button[contains(text(),'Confirm Box')]'.</msg>
<status status="PASS" starttime="20231024 18:10:09.205" endtime="20231024 18:10:13.298"/>
</kw>
<kw name="Handle Alert" library="SeleniumLibrary">
<arg>accept</arg>
<doc>Handles the current alert and returns its message.</doc>
<msg timestamp="20231024 18:10:13.299" level="INFO">HANDLE::&lt;class 'NoneType'&gt;::None</msg>
<status status="PASS" starttime="20231024 18:10:13.298" endtime="20231024 18:10:19.316"/>
</kw>
<kw name="Click Element" library="SeleniumLibrary">
<arg>xpath://button[contains(text(),'Confirm Box')]</arg>
<doc>Click the element identified by ``locator``.</doc>
<msg timestamp="20231024 18:10:19.317" level="INFO">Clicking element 'xpath://button[contains(text(),'Confirm Box')]'.</msg>
<status status="PASS" starttime="20231024 18:10:19.316" endtime="20231024 18:10:23.409"/>
</kw>
<kw name="Handle Alert" library="SeleniumLibrary">
<arg>dismiss</arg>
<doc>Handles the current alert and returns its message.</doc>
<msg timestamp="20231024 18:10:23.409" level="INFO">HANDLE::&lt;class 'NoneType'&gt;::None</msg>
<status status="PASS" starttime="20231024 18:10:23.409" endtime="20231024 18:10:29.416"/>
</kw>
<kw name="Click Element" library="SeleniumLibrary">
<arg>xpath://button[contains(text(),'Prompt')]</arg>
<doc>Click the element identified by ``locator``.</doc>
<msg timestamp="20231024 18:10:29.418" level="INFO">Clicking element 'xpath://button[contains(text(),'Prompt')]'.</msg>
<status status="PASS" starttime="20231024 18:10:29.416" endtime="20231024 18:10:33.488"/>
</kw>
<kw name="Input Text Into Alert" library="SeleniumLibrary">
<arg>Abhishek</arg>
<doc>Types the given ``text`` into an input field in an alert.</doc>
<status status="PASS" starttime="20231024 18:10:33.488" endtime="20231024 18:10:41.499"/>
</kw>
<kw name="Handle Alert" library="SeleniumLibrary">
<arg>accept</arg>
<doc>Handles the current alert and returns its message.</doc>
<msg timestamp="20231024 18:10:41.500" level="INFO">HANDLE::&lt;class 'NoneType'&gt;::None</msg>
<msg timestamp="20231024 18:10:48.729" level="INFO" html="true">&lt;/td&gt;&lt;/tr&gt;&lt;tr&gt;&lt;td colspan="3"&gt;&lt;a href="selenium-screenshot-1.png"&gt;&lt;img src="selenium-screenshot-1.png" width="800px"&gt;&lt;/a&gt;</msg>
<msg timestamp="20231024 18:10:48.730" level="FAIL">Alert not found in 5 seconds.</msg>
<status status="FAIL" starttime="20231024 18:10:41.499" endtime="20231024 18:10:48.736"/>
</kw>
<kw name="Click Element" library="SeleniumLibrary">
<arg>xpath://button[contains(text(),'Prompt')]</arg>
<doc>Click the element identified by ``locator``.</doc>
<status status="NOT RUN" starttime="20231024 18:10:48.737" endtime="20231024 18:10:48.737"/>
</kw>
<kw name="Input Text Into Alert" library="SeleniumLibrary">
<arg>Abhishek</arg>
<doc>Types the given ``text`` into an input field in an alert.</doc>
<status status="NOT RUN" starttime="20231024 18:10:48.739" endtime="20231024 18:10:48.739"/>
</kw>
<kw name="Handle Alert" library="SeleniumLibrary">
<arg>dismiss</arg>
<doc>Handles the current alert and returns its message.</doc>
<status status="NOT RUN" starttime="20231024 18:10:48.740" endtime="20231024 18:10:48.740"/>
</kw>
<status status="FAIL" starttime="20231024 18:09:48.266" endtime="20231024 18:10:48.741">Alert not found in 5 seconds.</status>
</test>
<status status="FAIL" starttime="20231024 18:09:47.990" endtime="20231024 18:10:48.745"/>
</suite>
<status status="FAIL" starttime="20231024 18:09:47.962" endtime="20231024 18:10:48.748"/>
</suite>
<statistics>
<total>
<stat pass="0" fail="1" skip="0">All Tests</stat>
</total>
<tag>
</tag>
<suite>
<stat pass="0" fail="1" skip="0" id="s1" name="Suites">Suites</stat>
<stat pass="0" fail="1" skip="0" id="s1-s1" name="TC2">Suites.TC2</stat>
</suite>
</statistics>
<errors>
</errors>
</robot>
