<?xml version="1.0" encoding="UTF-8"?>
<robot generator="Robot 6.1.1 (Python 3.11.5 on win32)" generated="20231024 18:09:47.942" rpa="false" schemaversion="4">
<suite id="s1" name="Suites">
<suite id="s1-s1" name="TC1" source="C:\Users\ABHISHEK\PycharmProjects\RobotAutomation\ParallelTests\TC1.robot">
<test id="s1-s1-t1" name="FormUseCase" line="12">
<kw name="Open Browser" library="SeleniumLibrary">
<arg>${url}</arg>
<arg>${browser}</arg>
<doc>Opens a new browser instance to the optional ``url``.</doc>
<msg timestamp="20231024 18:09:48.265" level="INFO">Opening browser 'chrome' to base url 'https://testautomationpractice.blogspot.com/'.</msg>
<status status="PASS" starttime="20231024 18:09:48.264" endtime="20231024 18:09:59.478"/>
</kw>
<kw name="Maximize Browser Window" library="SeleniumLibrary">
<doc>Maximizes current browser window.</doc>
<status status="PASS" starttime="20231024 18:09:59.478" endtime="20231024 18:09:59.603"/>
</kw>
<kw name="Set Selenium Speed" library="SeleniumLibrary">
<arg>0.5</arg>
<doc>Sets the delay that is waited after each Selenium command.</doc>
<status status="PASS" starttime="20231024 18:09:59.603" endtime="20231024 18:09:59.604"/>
</kw>
<kw name="Input Text" library="SeleniumLibrary">
<arg>xpath://input[@id='name']</arg>
<arg>Abhishek</arg>
<doc>Types the given ``text`` into the text field identified by ``locator``.</doc>
<msg timestamp="20231024 18:09:59.605" level="INFO">Typing text 'Abhishek' into text field 'xpath://input[@id='name']'.</msg>
<status status="PASS" starttime="20231024 18:09:59.604" endtime="20231024 18:10:01.252"/>
</kw>
<kw name="Input Text" library="SeleniumLibrary">
<arg>id:phone</arg>
<arg>7204564845</arg>
<doc>Types the given ``text`` into the text field identified by ``locator``.</doc>
<msg timestamp="20231024 18:10:01.254" level="INFO">Typing text '7204564845' into text field 'id:phone'.</msg>
<status status="PASS" starttime="20231024 18:10:01.253" endtime="20231024 18:10:02.917"/>
</kw>
<kw name="Input Text" library="SeleniumLibrary">
<arg>id:textarea</arg>
<arg>Address</arg>
<doc>Types the given ``text`` into the text field identified by ``locator``.</doc>
<msg timestamp="20231024 18:10:02.919" level="INFO">Typing text 'Address' into text field 'id:textarea'.</msg>
<status status="PASS" starttime="20231024 18:10:02.918" endtime="20231024 18:10:04.611"/>
</kw>
<kw name="Scroll Element Into View" library="SeleniumLibrary">
<arg>//label[contains(text(),'Gender:')]</arg>
<doc>Scrolls the element identified by ``locator`` into view.</doc>
<status status="PASS" starttime="20231024 18:10:04.611" endtime="20231024 18:10:05.992"/>
</kw>
<kw name="Select Radio Button" library="SeleniumLibrary">
<arg>gender</arg>
<arg>male</arg>
<doc>Sets the radio button group ``group_name`` to ``value``.</doc>
<msg timestamp="20231024 18:10:05.995" level="INFO">Selecting 'male' from radio button 'gender'.</msg>
<status status="PASS" starttime="20231024 18:10:05.994" endtime="20231024 18:10:07.657"/>
</kw>
<kw name="Select Checkbox" library="SeleniumLibrary">
<arg>sunday</arg>
<doc>Selects the checkbox identified by ``locator``.</doc>
<msg timestamp="20231024 18:10:07.659" level="INFO">Selecting checkbox 'sunday'.</msg>
<status status="PASS" starttime="20231024 18:10:07.658" endtime="20231024 18:10:09.805"/>
</kw>
<kw name="Select Checkbox" library="SeleniumLibrary">
<arg>monday</arg>
<doc>Selects the checkbox identified by ``locator``.</doc>
<msg timestamp="20231024 18:10:09.807" level="INFO">Selecting checkbox 'monday'.</msg>
<status status="PASS" starttime="20231024 18:10:09.805" endtime="20231024 18:10:11.917"/>
</kw>
<kw name="Select Checkbox" library="SeleniumLibrary">
<arg>tuesday</arg>
<doc>Selects the checkbox identified by ``locator``.</doc>
<msg timestamp="20231024 18:10:11.918" level="INFO">Selecting checkbox 'tuesday'.</msg>
<status status="PASS" starttime="20231024 18:10:11.917" endtime="20231024 18:10:14.004"/>
</kw>
<kw name="Select Checkbox" library="SeleniumLibrary">
<arg>wednesday</arg>
<doc>Selects the checkbox identified by ``locator``.</doc>
<msg timestamp="20231024 18:10:14.005" level="INFO">Selecting checkbox 'wednesday'.</msg>
<status status="PASS" starttime="20231024 18:10:14.004" endtime="20231024 18:10:16.111"/>
</kw>
<kw name="Unselect Checkbox" library="SeleniumLibrary">
<arg>wednesday</arg>
<doc>Removes the selection of checkbox identified by ``locator``.</doc>
<msg timestamp="20231024 18:10:16.112" level="INFO">Unselecting checkbox 'wednesday'.</msg>
<status status="PASS" starttime="20231024 18:10:16.111" endtime="20231024 18:10:18.193"/>
</kw>
<kw name="Scroll Element Into View" library="SeleniumLibrary">
<arg>//label[contains(text(),'Country:')]</arg>
<doc>Scrolls the element identified by ``locator`` into view.</doc>
<status status="PASS" starttime="20231024 18:10:18.193" endtime="20231024 18:10:19.487"/>
</kw>
<kw name="Select From List By Label" library="SeleniumLibrary">
<arg>country</arg>
<arg>United States</arg>
<doc>Selects options from selection list ``locator`` by ``labels``.</doc>
<msg timestamp="20231024 18:10:19.488" level="INFO">Selecting options from selection list 'country' by label United States.</msg>
<status status="PASS" starttime="20231024 18:10:19.487" endtime="20231024 18:10:22.051"/>
</kw>
<kw name="Select From List By Index" library="SeleniumLibrary">
<arg>country</arg>
<arg>1</arg>
<doc>Selects options from selection list ``locator`` by ``indexes``.</doc>
<msg timestamp="20231024 18:10:22.052" level="INFO">Selecting options from selection list 'country' by index 1.</msg>
<status status="PASS" starttime="20231024 18:10:22.051" endtime="20231024 18:10:26.930"/>
</kw>
<kw name="Select From List By Value" library="SeleniumLibrary">
<arg>country</arg>
<arg>uk</arg>
<doc>Selects options from selection list ``locator`` by ``values``.</doc>
<msg timestamp="20231024 18:10:26.931" level="INFO">Selecting options from selection list 'country' by value uk.</msg>
<status status="PASS" starttime="20231024 18:10:26.930" endtime="20231024 18:10:30.523"/>
</kw>
<kw name="Select From List By Label" library="SeleniumLibrary">
<arg>colors</arg>
<arg>Red</arg>
<doc>Selects options from selection list ``locator`` by ``labels``.</doc>
<msg timestamp="20231024 18:10:30.524" level="INFO">Selecting options from selection list 'colors' by label Red.</msg>
<status status="PASS" starttime="20231024 18:10:30.523" endtime="20231024 18:10:34.121"/>
</kw>
<kw name="Select From List By Value" library="SeleniumLibrary">
<arg>colors</arg>
<arg>blue</arg>
<doc>Selects options from selection list ``locator`` by ``values``.</doc>
<msg timestamp="20231024 18:10:34.124" level="INFO">Selecting options from selection list 'colors' by value blue.</msg>
<status status="PASS" starttime="20231024 18:10:34.122" endtime="20231024 18:10:37.732"/>
</kw>
<kw name="Unselect All From List" library="SeleniumLibrary">
<arg>colors</arg>
<doc>Unselects all options from multi-selection list ``locator``.</doc>
<msg timestamp="20231024 18:10:37.733" level="INFO">Unselecting all options from list 'colors'.</msg>
<status status="PASS" starttime="20231024 18:10:37.732" endtime="20231024 18:10:43.420"/>
</kw>
<status status="PASS" starttime="20231024 18:09:48.263" endtime="20231024 18:10:43.420"/>
</test>
<status status="PASS" starttime="20231024 18:09:47.987" endtime="20231024 18:10:43.423"/>
</suite>
<status status="PASS" starttime="20231024 18:09:47.956" endtime="20231024 18:10:43.431"/>
</suite>
<statistics>
<total>
<stat pass="1" fail="0" skip="0">All Tests</stat>
</total>
<tag>
</tag>
<suite>
<stat pass="1" fail="0" skip="0" id="s1" name="Suites">Suites</stat>
<stat pass="1" fail="0" skip="0" id="s1-s1" name="TC1">Suites.TC1</stat>
</suite>
</statistics>
<errors>
</errors>
</robot>
